<?xml version="1.0" encoding="UTF-8"?>
<!-- Generated by org.testng.reporters.JUnitReportReporter -->
<testsuite hostname="MYSHEC554614L" failures="0" tests="3" name="StepDefination.DataProvide" time="4.921" errors="0" timestamp="06 May 2022 09:07:00 GMT" skipped="0">
  <testcase classname="StepDefination.DataProvide" name="test" time="3.570"/>
  <testcase classname="StepDefination.DataProvide" name="test" time="0.635"/>
  <testcase classname="StepDefination.DataProvide" name="test" time="0.716"/>
</testsuite> <!-- StepDefination.DataProvide -->
